<?xml version="1.0" encoding="UTF-8"?>
<testng-results skipped="0" failed="0" total="1" passed="1">
  <reporter-output>
  </reporter-output>
  <suite name="Default suite" duration-ms="8784" started-at="2020-07-30T18:31:59Z" finished-at="2020-07-30T18:32:08Z">
    <groups>
    </groups>
    <test name="Default test" duration-ms="8784" started-at="2020-07-30T18:31:59Z" finished-at="2020-07-30T18:32:08Z">
      <class name="airspace_qa_challenge.regression.test.LoginTest">
        <test-method status="PASS" signature="setUp()[pri:0, instance:airspace_qa_challenge.regression.test.LoginTest@7c16905e]" name="setUp" is-config="true" duration-ms="7460" started-at="2020-07-30T11:31:59Z" finished-at="2020-07-30T11:32:06Z">
          <reporter-output>
          </reporter-output>
        </test-method> <!-- setUp -->
        <test-method status="PASS" signature="testingSuccessfulLogin()[pri:0, instance:airspace_qa_challenge.regression.test.LoginTest@7c16905e]" name="testingSuccessfulLogin" duration-ms="931" started-at="2020-07-30T11:32:06Z" finished-at="2020-07-30T11:32:07Z">
          <reporter-output>
          </reporter-output>
        </test-method> <!-- testingSuccessfulLogin -->
        <test-method status="PASS" signature="cleanUp()[pri:0, instance:airspace_qa_challenge.regression.test.LoginTest@7c16905e]" name="cleanUp" is-config="true" duration-ms="364" started-at="2020-07-30T11:32:07Z" finished-at="2020-07-30T11:32:08Z">
          <reporter-output>
          </reporter-output>
        </test-method> <!-- cleanUp -->
      </class> <!-- airspace_qa_challenge.regression.test.LoginTest -->
    </test> <!-- Default test -->
  </suite> <!-- Default suite -->
</testng-results>
