<?xml version="1.0" encoding="UTF-8"?>
<!-- Generated by org.testng.reporters.JUnitXMLReporter -->
<testsuite hostname="DESKTOP-BDB3LRA" name="Command line test" tests="6" failures="0" timestamp="30 Jul 2020 17:49:25 GMT" time="45.055" errors="0">
  <testcase name="testingLogoutAfterSuccessfulLogin" time="1.305" classname="airspace_qa_challenge.regression.test.LoginTest"/>
  <testcase name="testingSuccessfulLogin" time="0.967" classname="airspace_qa_challenge.regression.test.LoginTest"/>
  <testcase name="testingToCheckMaskedPassword" time="0.824" classname="airspace_qa_challenge.regression.test.LoginTest"/>
  <testcase name="testingUnsuccessfulLoginWithDataProvider" time="0.86" classname="airspace_qa_challenge.regression.test.LoginTest"/>
  <testcase name="testingUnsuccessfulLoginWithDataProvider" time="1.019" classname="airspace_qa_challenge.regression.test.LoginTest"/>
  <testcase name="testingUnsuccessfulLoginWithDataProvider" time="1.217" classname="airspace_qa_challenge.regression.test.LoginTest"/>
</testsuite> <!-- Command line test -->
